<?xml version="1.0" encoding="UTF-8"?>
<Site BuildName="(empty)"
	BuildStamp="20241017-0718-Experimental"
	Name="monijesu"
	Generator="ctest-3.28.3"
	CompilerName="/usr/bin/c++"
	CompilerVersion="13.2.0"
	OSName="Linux"
	Hostname="monijesu"
	OSRelease="6.8.0-47-generic"
	OSVersion="#47-Ubuntu SMP PREEMPT_DYNAMIC Fri Sep 27 21:40:26 UTC 2024"
	OSPlatform="x86_64"
	Is64Bits="1"
	VendorString="GenuineIntel"
	VendorID="Intel Corporation"
	FamilyID="6"
	ModelID="141"
	ProcessorCacheSize="24576"
	NumberOfLogicalCPU="16"
	NumberOfPhysicalCPU="8"
	TotalVirtualMemory="8191"
	TotalPhysicalMemory="31819"
	LogicalProcessorsPerPhysical="2"
	ProcessorClockFrequency="800"
	>
	<Testing>
		<StartDateTime>Oct 17 10:18 MSK</StartDateTime>
		<StartTestTime>1729149488</StartTestTime>
		<TestList>
			<Test>./copyright</Test>
			<Test>./cppcheck</Test>
			<Test>./cpplint</Test>
			<Test>./lint_cmake</Test>
			<Test>./uncrustify</Test>
			<Test>./xmllint</Test>
		</TestList>
		<Test Status="passed">
			<Name>copyright</Name>
			<Path>.</Path>
			<FullName>./copyright</FullName>
			<FullCommandLine>/usr/bin/python3 "-u" "/opt/ros/rolling/share/ament_cmake_test/cmake/run_test.py" "/home/monijesu/ros2_ws/build/examples_rclcpp_minimal_composition/test_results/examples_rclcpp_minimal_composition/copyright.xunit.xml" "--package-name" "examples_rclcpp_minimal_composition" "--output-file" "/home/monijesu/ros2_ws/build/examples_rclcpp_minimal_composition/ament_copyright/copyright.txt" "--command" "/opt/ros/rolling/bin/ament_copyright" "--xunit-file" "/home/monijesu/ros2_ws/build/examples_rclcpp_minimal_composition/test_results/examples_rclcpp_minimal_composition/copyright.xunit.xml"</FullCommandLine>
			<Results>
				<NamedMeasurement type="numeric/double" name="Execution Time">
					<Value>0.970244</Value>
				</NamedMeasurement>
				<NamedMeasurement type="numeric/double" name="Processors">
					<Value>1</Value>
				</NamedMeasurement>
				<NamedMeasurement type="text/string" name="Completion Status">
					<Value>Completed</Value>
				</NamedMeasurement>
				<NamedMeasurement type="text/string" name="Command Line">
					<Value>/usr/bin/python3 "-u" "/opt/ros/rolling/share/ament_cmake_test/cmake/run_test.py" "/home/monijesu/ros2_ws/build/examples_rclcpp_minimal_composition/test_results/examples_rclcpp_minimal_composition/copyright.xunit.xml" "--package-name" "examples_rclcpp_minimal_composition" "--output-file" "/home/monijesu/ros2_ws/build/examples_rclcpp_minimal_composition/ament_copyright/copyright.txt" "--command" "/opt/ros/rolling/bin/ament_copyright" "--xunit-file" "/home/monijesu/ros2_ws/build/examples_rclcpp_minimal_composition/test_results/examples_rclcpp_minimal_composition/copyright.xunit.xml"</Value>
				</NamedMeasurement>
				<NamedMeasurement type="text/string" name="Environment">
					<Value>#CTEST_RESOURCE_GROUP_COUNT=</Value>
				</NamedMeasurement>
				<Measurement>
					<Value>-- run_test.py: invoking following command in '/home/monijesu/ros2_ws/src/examples/rclcpp/composition/minimal_composition':
 - /opt/ros/rolling/bin/ament_copyright --xunit-file /home/monijesu/ros2_ws/build/examples_rclcpp_minimal_composition/test_results/examples_rclcpp_minimal_composition/copyright.xunit.xml
No problems found, checked 8 files
-- run_test.py: return code 0
-- run_test.py: verify result file '/home/monijesu/ros2_ws/build/examples_rclcpp_minimal_composition/test_results/examples_rclcpp_minimal_composition/copyright.xunit.xml'
</Value>
				</Measurement>
			</Results>
			<Labels>
				<Label>copyright</Label>
				<Label>linter</Label>
			</Labels>
		</Test>
		<Test Status="passed">
			<Name>cppcheck</Name>
			<Path>.</Path>
			<FullName>./cppcheck</FullName>
			<FullCommandLine>/usr/bin/python3 "-u" "/opt/ros/rolling/share/ament_cmake_test/cmake/run_test.py" "/home/monijesu/ros2_ws/build/examples_rclcpp_minimal_composition/test_results/examples_rclcpp_minimal_composition/cppcheck.xunit.xml" "--package-name" "examples_rclcpp_minimal_composition" "--output-file" "/home/monijesu/ros2_ws/build/examples_rclcpp_minimal_composition/ament_cppcheck/cppcheck.txt" "--command" "/opt/ros/rolling/bin/ament_cppcheck" "--xunit-file" "/home/monijesu/ros2_ws/build/examples_rclcpp_minimal_composition/test_results/examples_rclcpp_minimal_composition/cppcheck.xunit.xml" "--include_dirs" "/home/monijesu/ros2_ws/src/examples/rclcpp/composition/minimal_composition/include"</FullCommandLine>
			<Results>
				<NamedMeasurement type="numeric/double" name="Execution Time">
					<Value>0.260907</Value>
				</NamedMeasurement>
				<NamedMeasurement type="numeric/double" name="Processors">
					<Value>1</Value>
				</NamedMeasurement>
				<NamedMeasurement type="text/string" name="Completion Status">
					<Value>Completed</Value>
				</NamedMeasurement>
				<NamedMeasurement type="text/string" name="Command Line">
					<Value>/usr/bin/python3 "-u" "/opt/ros/rolling/share/ament_cmake_test/cmake/run_test.py" "/home/monijesu/ros2_ws/build/examples_rclcpp_minimal_composition/test_results/examples_rclcpp_minimal_composition/cppcheck.xunit.xml" "--package-name" "examples_rclcpp_minimal_composition" "--output-file" "/home/monijesu/ros2_ws/build/examples_rclcpp_minimal_composition/ament_cppcheck/cppcheck.txt" "--command" "/opt/ros/rolling/bin/ament_cppcheck" "--xunit-file" "/home/monijesu/ros2_ws/build/examples_rclcpp_minimal_composition/test_results/examples_rclcpp_minimal_composition/cppcheck.xunit.xml" "--include_dirs" "/home/monijesu/ros2_ws/src/examples/rclcpp/composition/minimal_composition/include"</Value>
				</NamedMeasurement>
				<NamedMeasurement type="text/string" name="Environment">
					<Value>#CTEST_RESOURCE_GROUP_COUNT=</Value>
				</NamedMeasurement>
				<Measurement>
					<Value>-- run_test.py: invoking following command in '/home/monijesu/ros2_ws/src/examples/rclcpp/composition/minimal_composition':
 - /opt/ros/rolling/bin/ament_cppcheck --xunit-file /home/monijesu/ros2_ws/build/examples_rclcpp_minimal_composition/test_results/examples_rclcpp_minimal_composition/cppcheck.xunit.xml --include_dirs /home/monijesu/ros2_ws/src/examples/rclcpp/composition/minimal_composition/include
cppcheck 2.13.0 has known performance issues and therefore will not be used, set the AMENT_CPPCHECK_ALLOW_SLOW_VERSIONS environment variable to override this.
-- run_test.py: return code 0
-- run_test.py: verify result file '/home/monijesu/ros2_ws/build/examples_rclcpp_minimal_composition/test_results/examples_rclcpp_minimal_composition/cppcheck.xunit.xml'
</Value>
				</Measurement>
			</Results>
			<Labels>
				<Label>cppcheck</Label>
				<Label>linter</Label>
			</Labels>
		</Test>
		<Test Status="passed">
			<Name>cpplint</Name>
			<Path>.</Path>
			<FullName>./cpplint</FullName>
			<FullCommandLine>/usr/bin/python3 "-u" "/opt/ros/rolling/share/ament_cmake_test/cmake/run_test.py" "/home/monijesu/ros2_ws/build/examples_rclcpp_minimal_composition/test_results/examples_rclcpp_minimal_composition/cpplint.xunit.xml" "--package-name" "examples_rclcpp_minimal_composition" "--output-file" "/home/monijesu/ros2_ws/build/examples_rclcpp_minimal_composition/ament_cpplint/cpplint.txt" "--command" "/opt/ros/rolling/bin/ament_cpplint" "--xunit-file" "/home/monijesu/ros2_ws/build/examples_rclcpp_minimal_composition/test_results/examples_rclcpp_minimal_composition/cpplint.xunit.xml"</FullCommandLine>
			<Results>
				<NamedMeasurement type="numeric/double" name="Execution Time">
					<Value>0.353337</Value>
				</NamedMeasurement>
				<NamedMeasurement type="numeric/double" name="Processors">
					<Value>1</Value>
				</NamedMeasurement>
				<NamedMeasurement type="text/string" name="Completion Status">
					<Value>Completed</Value>
				</NamedMeasurement>
				<NamedMeasurement type="text/string" name="Command Line">
					<Value>/usr/bin/python3 "-u" "/opt/ros/rolling/share/ament_cmake_test/cmake/run_test.py" "/home/monijesu/ros2_ws/build/examples_rclcpp_minimal_composition/test_results/examples_rclcpp_minimal_composition/cpplint.xunit.xml" "--package-name" "examples_rclcpp_minimal_composition" "--output-file" "/home/monijesu/ros2_ws/build/examples_rclcpp_minimal_composition/ament_cpplint/cpplint.txt" "--command" "/opt/ros/rolling/bin/ament_cpplint" "--xunit-file" "/home/monijesu/ros2_ws/build/examples_rclcpp_minimal_composition/test_results/examples_rclcpp_minimal_composition/cpplint.xunit.xml"</Value>
				</NamedMeasurement>
				<NamedMeasurement type="text/string" name="Environment">
					<Value>#CTEST_RESOURCE_GROUP_COUNT=</Value>
				</NamedMeasurement>
				<Measurement>
					<Value>-- run_test.py: invoking following command in '/home/monijesu/ros2_ws/src/examples/rclcpp/composition/minimal_composition':
 - /opt/ros/rolling/bin/ament_cpplint --xunit-file /home/monijesu/ros2_ws/build/examples_rclcpp_minimal_composition/test_results/examples_rclcpp_minimal_composition/cpplint.xunit.xml
Using '--root=/home/monijesu/ros2_ws/src/examples/rclcpp/composition/minimal_composition/include' argument

Done processing /home/monijesu/ros2_ws/src/examples/rclcpp/composition/minimal_composition/include/minimal_composition/publisher_node.hpp

Done processing /home/monijesu/ros2_ws/src/examples/rclcpp/composition/minimal_composition/include/minimal_composition/subscriber_node.hpp

Done processing /home/monijesu/ros2_ws/src/examples/rclcpp/composition/minimal_composition/include/minimal_composition/visibility.h

Using '--root=/home/monijesu/ros2_ws/src/examples/rclcpp/composition/minimal_composition/src' argument

Done processing /home/monijesu/ros2_ws/src/examples/rclcpp/composition/minimal_composition/src/composed.cpp

Done processing /home/monijesu/ros2_ws/src/examples/rclcpp/composition/minimal_composition/src/publisher_node.cpp

Done processing /home/monijesu/ros2_ws/src/examples/rclcpp/composition/minimal_composition/src/standalone_publisher.cpp

Done processing /home/monijesu/ros2_ws/src/examples/rclcpp/composition/minimal_composition/src/standalone_subscriber.cpp

Done processing /home/monijesu/ros2_ws/src/examples/rclcpp/composition/minimal_composition/src/subscriber_node.cpp

No problems found
-- run_test.py: return code 0
-- run_test.py: verify result file '/home/monijesu/ros2_ws/build/examples_rclcpp_minimal_composition/test_results/examples_rclcpp_minimal_composition/cpplint.xunit.xml'
</Value>
				</Measurement>
			</Results>
			<Labels>
				<Label>cpplint</Label>
				<Label>linter</Label>
			</Labels>
		</Test>
		<Test Status="passed">
			<Name>lint_cmake</Name>
			<Path>.</Path>
			<FullName>./lint_cmake</FullName>
			<FullCommandLine>/usr/bin/python3 "-u" "/opt/ros/rolling/share/ament_cmake_test/cmake/run_test.py" "/home/monijesu/ros2_ws/build/examples_rclcpp_minimal_composition/test_results/examples_rclcpp_minimal_composition/lint_cmake.xunit.xml" "--package-name" "examples_rclcpp_minimal_composition" "--output-file" "/home/monijesu/ros2_ws/build/examples_rclcpp_minimal_composition/ament_lint_cmake/lint_cmake.txt" "--command" "/opt/ros/rolling/bin/ament_lint_cmake" "--xunit-file" "/home/monijesu/ros2_ws/build/examples_rclcpp_minimal_composition/test_results/examples_rclcpp_minimal_composition/lint_cmake.xunit.xml"</FullCommandLine>
			<Results>
				<NamedMeasurement type="numeric/double" name="Execution Time">
					<Value>0.256108</Value>
				</NamedMeasurement>
				<NamedMeasurement type="numeric/double" name="Processors">
					<Value>1</Value>
				</NamedMeasurement>
				<NamedMeasurement type="text/string" name="Completion Status">
					<Value>Completed</Value>
				</NamedMeasurement>
				<NamedMeasurement type="text/string" name="Command Line">
					<Value>/usr/bin/python3 "-u" "/opt/ros/rolling/share/ament_cmake_test/cmake/run_test.py" "/home/monijesu/ros2_ws/build/examples_rclcpp_minimal_composition/test_results/examples_rclcpp_minimal_composition/lint_cmake.xunit.xml" "--package-name" "examples_rclcpp_minimal_composition" "--output-file" "/home/monijesu/ros2_ws/build/examples_rclcpp_minimal_composition/ament_lint_cmake/lint_cmake.txt" "--command" "/opt/ros/rolling/bin/ament_lint_cmake" "--xunit-file" "/home/monijesu/ros2_ws/build/examples_rclcpp_minimal_composition/test_results/examples_rclcpp_minimal_composition/lint_cmake.xunit.xml"</Value>
				</NamedMeasurement>
				<NamedMeasurement type="text/string" name="Environment">
					<Value>#CTEST_RESOURCE_GROUP_COUNT=</Value>
				</NamedMeasurement>
				<Measurement>
					<Value>-- run_test.py: invoking following command in '/home/monijesu/ros2_ws/src/examples/rclcpp/composition/minimal_composition':
 - /opt/ros/rolling/bin/ament_lint_cmake --xunit-file /home/monijesu/ros2_ws/build/examples_rclcpp_minimal_composition/test_results/examples_rclcpp_minimal_composition/lint_cmake.xunit.xml

No problems found
-- run_test.py: return code 0
-- run_test.py: verify result file '/home/monijesu/ros2_ws/build/examples_rclcpp_minimal_composition/test_results/examples_rclcpp_minimal_composition/lint_cmake.xunit.xml'
</Value>
				</Measurement>
			</Results>
			<Labels>
				<Label>lint_cmake</Label>
				<Label>linter</Label>
			</Labels>
		</Test>
		<Test Status="passed">
			<Name>uncrustify</Name>
			<Path>.</Path>
			<FullName>./uncrustify</FullName>
			<FullCommandLine>/usr/bin/python3 "-u" "/opt/ros/rolling/share/ament_cmake_test/cmake/run_test.py" "/home/monijesu/ros2_ws/build/examples_rclcpp_minimal_composition/test_results/examples_rclcpp_minimal_composition/uncrustify.xunit.xml" "--package-name" "examples_rclcpp_minimal_composition" "--output-file" "/home/monijesu/ros2_ws/build/examples_rclcpp_minimal_composition/ament_uncrustify/uncrustify.txt" "--command" "/opt/ros/rolling/bin/ament_uncrustify" "--xunit-file" "/home/monijesu/ros2_ws/build/examples_rclcpp_minimal_composition/test_results/examples_rclcpp_minimal_composition/uncrustify.xunit.xml"</FullCommandLine>
			<Results>
				<NamedMeasurement type="numeric/double" name="Execution Time">
					<Value>0.187073</Value>
				</NamedMeasurement>
				<NamedMeasurement type="numeric/double" name="Processors">
					<Value>1</Value>
				</NamedMeasurement>
				<NamedMeasurement type="text/string" name="Completion Status">
					<Value>Completed</Value>
				</NamedMeasurement>
				<NamedMeasurement type="text/string" name="Command Line">
					<Value>/usr/bin/python3 "-u" "/opt/ros/rolling/share/ament_cmake_test/cmake/run_test.py" "/home/monijesu/ros2_ws/build/examples_rclcpp_minimal_composition/test_results/examples_rclcpp_minimal_composition/uncrustify.xunit.xml" "--package-name" "examples_rclcpp_minimal_composition" "--output-file" "/home/monijesu/ros2_ws/build/examples_rclcpp_minimal_composition/ament_uncrustify/uncrustify.txt" "--command" "/opt/ros/rolling/bin/ament_uncrustify" "--xunit-file" "/home/monijesu/ros2_ws/build/examples_rclcpp_minimal_composition/test_results/examples_rclcpp_minimal_composition/uncrustify.xunit.xml"</Value>
				</NamedMeasurement>
				<NamedMeasurement type="text/string" name="Environment">
					<Value>#CTEST_RESOURCE_GROUP_COUNT=</Value>
				</NamedMeasurement>
				<Measurement>
					<Value>-- run_test.py: invoking following command in '/home/monijesu/ros2_ws/src/examples/rclcpp/composition/minimal_composition':
 - /opt/ros/rolling/bin/ament_uncrustify --xunit-file /home/monijesu/ros2_ws/build/examples_rclcpp_minimal_composition/test_results/examples_rclcpp_minimal_composition/uncrustify.xunit.xml
No code style divergence in file 'include/minimal_composition/publisher_node.hpp'

No code style divergence in file 'include/minimal_composition/subscriber_node.hpp'

No code style divergence in file 'include/minimal_composition/visibility.h'

No code style divergence in file 'src/composed.cpp'

No code style divergence in file 'src/publisher_node.cpp'

No code style divergence in file 'src/standalone_publisher.cpp'

No code style divergence in file 'src/standalone_subscriber.cpp'

No code style divergence in file 'src/subscriber_node.cpp'

No problems found
-- run_test.py: return code 0
-- run_test.py: verify result file '/home/monijesu/ros2_ws/build/examples_rclcpp_minimal_composition/test_results/examples_rclcpp_minimal_composition/uncrustify.xunit.xml'
</Value>
				</Measurement>
			</Results>
			<Labels>
				<Label>linter</Label>
				<Label>uncrustify</Label>
			</Labels>
		</Test>
		<Test Status="passed">
			<Name>xmllint</Name>
			<Path>.</Path>
			<FullName>./xmllint</FullName>
			<FullCommandLine>/usr/bin/python3 "-u" "/opt/ros/rolling/share/ament_cmake_test/cmake/run_test.py" "/home/monijesu/ros2_ws/build/examples_rclcpp_minimal_composition/test_results/examples_rclcpp_minimal_composition/xmllint.xunit.xml" "--package-name" "examples_rclcpp_minimal_composition" "--output-file" "/home/monijesu/ros2_ws/build/examples_rclcpp_minimal_composition/ament_xmllint/xmllint.txt" "--command" "/opt/ros/rolling/bin/ament_xmllint" "--xunit-file" "/home/monijesu/ros2_ws/build/examples_rclcpp_minimal_composition/test_results/examples_rclcpp_minimal_composition/xmllint.xunit.xml"</FullCommandLine>
			<Results>
				<NamedMeasurement type="numeric/double" name="Execution Time">
					<Value>0.730415</Value>
				</NamedMeasurement>
				<NamedMeasurement type="numeric/double" name="Processors">
					<Value>1</Value>
				</NamedMeasurement>
				<NamedMeasurement type="text/string" name="Completion Status">
					<Value>Completed</Value>
				</NamedMeasurement>
				<NamedMeasurement type="text/string" name="Command Line">
					<Value>/usr/bin/python3 "-u" "/opt/ros/rolling/share/ament_cmake_test/cmake/run_test.py" "/home/monijesu/ros2_ws/build/examples_rclcpp_minimal_composition/test_results/examples_rclcpp_minimal_composition/xmllint.xunit.xml" "--package-name" "examples_rclcpp_minimal_composition" "--output-file" "/home/monijesu/ros2_ws/build/examples_rclcpp_minimal_composition/ament_xmllint/xmllint.txt" "--command" "/opt/ros/rolling/bin/ament_xmllint" "--xunit-file" "/home/monijesu/ros2_ws/build/examples_rclcpp_minimal_composition/test_results/examples_rclcpp_minimal_composition/xmllint.xunit.xml"</Value>
				</NamedMeasurement>
				<NamedMeasurement type="text/string" name="Environment">
					<Value>#CTEST_RESOURCE_GROUP_COUNT=</Value>
				</NamedMeasurement>
				<Measurement>
					<Value>-- run_test.py: invoking following command in '/home/monijesu/ros2_ws/src/examples/rclcpp/composition/minimal_composition':
 - /opt/ros/rolling/bin/ament_xmllint --xunit-file /home/monijesu/ros2_ws/build/examples_rclcpp_minimal_composition/test_results/examples_rclcpp_minimal_composition/xmllint.xunit.xml
File 'package.xml' is valid

No problems found
-- run_test.py: return code 0
-- run_test.py: verify result file '/home/monijesu/ros2_ws/build/examples_rclcpp_minimal_composition/test_results/examples_rclcpp_minimal_composition/xmllint.xunit.xml'
</Value>
				</Measurement>
			</Results>
			<Labels>
				<Label>linter</Label>
				<Label>xmllint</Label>
			</Labels>
		</Test>
		<EndDateTime>Oct 17 10:18 MSK</EndDateTime>
		<EndTestTime>1729149491</EndTestTime>
		<ElapsedMinutes>0</ElapsedMinutes>
	</Testing>
</Site>
