<?xml version="1.0" encoding="utf-8"?><testsuites><testsuite name="pytest" errors="0" failures="0" skipped="0" tests="3" time="0.670" timestamp="2024-10-17T10:18:08.194890" hostname="monijesu"><testcase classname="examples_rclpy_executors.executors.test.test_copyright" name="test_copyright" time="0.374" /><testcase classname="examples_rclpy_executors.executors.test.test_flake8" name="test_flake8" time="0.157" /><testcase classname="examples_rclpy_executors.executors.test.test_pep257" name="test_pep257" time="0.052" /></testsuite></testsuites>