<?xml version="1.0" encoding="UTF-8"?>
<Site BuildName="(empty)"
	BuildStamp="20241017-0718-Experimental"
	Name="monijesu"
	Generator="ctest-3.28.3"
	CompilerName="/usr/bin/c++"
	CompilerVersion="13.2.0"
	OSName="Linux"
	Hostname="monijesu"
	OSRelease="6.8.0-47-generic"
	OSVersion="#47-Ubuntu SMP PREEMPT_DYNAMIC Fri Sep 27 21:40:26 UTC 2024"
	OSPlatform="x86_64"
	Is64Bits="1"
	VendorString="GenuineIntel"
	VendorID="Intel Corporation"
	FamilyID="6"
	ModelID="141"
	ProcessorCacheSize="24576"
	NumberOfLogicalCPU="16"
	NumberOfPhysicalCPU="8"
	TotalVirtualMemory="8191"
	TotalPhysicalMemory="31819"
	LogicalProcessorsPerPhysical="2"
	ProcessorClockFrequency="1172.63"
	>
	<Testing>
		<StartDateTime>Oct 17 10:18 MSK</StartDateTime>
		<StartTestTime>1729149514</StartTestTime>
		<TestList>
			<Test>./copyright</Test>
			<Test>./cppcheck</Test>
			<Test>./cpplint</Test>
			<Test>./flake8</Test>
			<Test>./lint_cmake</Test>
			<Test>./pep257</Test>
			<Test>./uncrustify</Test>
			<Test>./xmllint</Test>
		</TestList>
		<Test Status="passed">
			<Name>copyright</Name>
			<Path>.</Path>
			<FullName>./copyright</FullName>
			<FullCommandLine>/usr/bin/python3 "-u" "/opt/ros/rolling/share/ament_cmake_test/cmake/run_test.py" "/home/monijesu/ros2_ws/build/turtlesim/test_results/turtlesim/copyright.xunit.xml" "--package-name" "turtlesim" "--output-file" "/home/monijesu/ros2_ws/build/turtlesim/ament_copyright/copyright.txt" "--command" "/opt/ros/rolling/bin/ament_copyright" "--xunit-file" "/home/monijesu/ros2_ws/build/turtlesim/test_results/turtlesim/copyright.xunit.xml"</FullCommandLine>
			<Results>
				<NamedMeasurement type="numeric/double" name="Execution Time">
					<Value>0.59462</Value>
				</NamedMeasurement>
				<NamedMeasurement type="numeric/double" name="Processors">
					<Value>1</Value>
				</NamedMeasurement>
				<NamedMeasurement type="text/string" name="Completion Status">
					<Value>Completed</Value>
				</NamedMeasurement>
				<NamedMeasurement type="text/string" name="Command Line">
					<Value>/usr/bin/python3 "-u" "/opt/ros/rolling/share/ament_cmake_test/cmake/run_test.py" "/home/monijesu/ros2_ws/build/turtlesim/test_results/turtlesim/copyright.xunit.xml" "--package-name" "turtlesim" "--output-file" "/home/monijesu/ros2_ws/build/turtlesim/ament_copyright/copyright.txt" "--command" "/opt/ros/rolling/bin/ament_copyright" "--xunit-file" "/home/monijesu/ros2_ws/build/turtlesim/test_results/turtlesim/copyright.xunit.xml"</Value>
				</NamedMeasurement>
				<NamedMeasurement type="text/string" name="Environment">
					<Value>#CTEST_RESOURCE_GROUP_COUNT=</Value>
				</NamedMeasurement>
				<Measurement>
					<Value>-- run_test.py: invoking following command in '/home/monijesu/ros2_ws/src/ros_tutorials/turtlesim':
 - /opt/ros/rolling/bin/ament_copyright --xunit-file /home/monijesu/ros2_ws/build/turtlesim/test_results/turtlesim/copyright.xunit.xml
No problems found, checked 11 files
-- run_test.py: return code 0
-- run_test.py: verify result file '/home/monijesu/ros2_ws/build/turtlesim/test_results/turtlesim/copyright.xunit.xml'
</Value>
				</Measurement>
			</Results>
			<Labels>
				<Label>copyright</Label>
				<Label>linter</Label>
			</Labels>
		</Test>
		<Test Status="passed">
			<Name>cppcheck</Name>
			<Path>.</Path>
			<FullName>./cppcheck</FullName>
			<FullCommandLine>/usr/bin/python3 "-u" "/opt/ros/rolling/share/ament_cmake_test/cmake/run_test.py" "/home/monijesu/ros2_ws/build/turtlesim/test_results/turtlesim/cppcheck.xunit.xml" "--package-name" "turtlesim" "--output-file" "/home/monijesu/ros2_ws/build/turtlesim/ament_cppcheck/cppcheck.txt" "--command" "/opt/ros/rolling/bin/ament_cppcheck" "--xunit-file" "/home/monijesu/ros2_ws/build/turtlesim/test_results/turtlesim/cppcheck.xunit.xml" "--include_dirs" "/home/monijesu/ros2_ws/src/ros_tutorials/turtlesim/include"</FullCommandLine>
			<Results>
				<NamedMeasurement type="numeric/double" name="Execution Time">
					<Value>0.179825</Value>
				</NamedMeasurement>
				<NamedMeasurement type="numeric/double" name="Processors">
					<Value>1</Value>
				</NamedMeasurement>
				<NamedMeasurement type="text/string" name="Completion Status">
					<Value>Completed</Value>
				</NamedMeasurement>
				<NamedMeasurement type="text/string" name="Command Line">
					<Value>/usr/bin/python3 "-u" "/opt/ros/rolling/share/ament_cmake_test/cmake/run_test.py" "/home/monijesu/ros2_ws/build/turtlesim/test_results/turtlesim/cppcheck.xunit.xml" "--package-name" "turtlesim" "--output-file" "/home/monijesu/ros2_ws/build/turtlesim/ament_cppcheck/cppcheck.txt" "--command" "/opt/ros/rolling/bin/ament_cppcheck" "--xunit-file" "/home/monijesu/ros2_ws/build/turtlesim/test_results/turtlesim/cppcheck.xunit.xml" "--include_dirs" "/home/monijesu/ros2_ws/src/ros_tutorials/turtlesim/include"</Value>
				</NamedMeasurement>
				<NamedMeasurement type="text/string" name="Environment">
					<Value>#CTEST_RESOURCE_GROUP_COUNT=</Value>
				</NamedMeasurement>
				<Measurement>
					<Value>-- run_test.py: invoking following command in '/home/monijesu/ros2_ws/src/ros_tutorials/turtlesim':
 - /opt/ros/rolling/bin/ament_cppcheck --xunit-file /home/monijesu/ros2_ws/build/turtlesim/test_results/turtlesim/cppcheck.xunit.xml --include_dirs /home/monijesu/ros2_ws/src/ros_tutorials/turtlesim/include
cppcheck 2.13.0 has known performance issues and therefore will not be used, set the AMENT_CPPCHECK_ALLOW_SLOW_VERSIONS environment variable to override this.
-- run_test.py: return code 0
-- run_test.py: verify result file '/home/monijesu/ros2_ws/build/turtlesim/test_results/turtlesim/cppcheck.xunit.xml'
</Value>
				</Measurement>
			</Results>
			<Labels>
				<Label>cppcheck</Label>
				<Label>linter</Label>
			</Labels>
		</Test>
		<Test Status="passed">
			<Name>cpplint</Name>
			<Path>.</Path>
			<FullName>./cpplint</FullName>
			<FullCommandLine>/usr/bin/python3 "-u" "/opt/ros/rolling/share/ament_cmake_test/cmake/run_test.py" "/home/monijesu/ros2_ws/build/turtlesim/test_results/turtlesim/cpplint.xunit.xml" "--package-name" "turtlesim" "--output-file" "/home/monijesu/ros2_ws/build/turtlesim/ament_cpplint/cpplint.txt" "--command" "/opt/ros/rolling/bin/ament_cpplint" "--xunit-file" "/home/monijesu/ros2_ws/build/turtlesim/test_results/turtlesim/cpplint.xunit.xml"</FullCommandLine>
			<Results>
				<NamedMeasurement type="numeric/double" name="Execution Time">
					<Value>0.422755</Value>
				</NamedMeasurement>
				<NamedMeasurement type="numeric/double" name="Processors">
					<Value>1</Value>
				</NamedMeasurement>
				<NamedMeasurement type="text/string" name="Completion Status">
					<Value>Completed</Value>
				</NamedMeasurement>
				<NamedMeasurement type="text/string" name="Command Line">
					<Value>/usr/bin/python3 "-u" "/opt/ros/rolling/share/ament_cmake_test/cmake/run_test.py" "/home/monijesu/ros2_ws/build/turtlesim/test_results/turtlesim/cpplint.xunit.xml" "--package-name" "turtlesim" "--output-file" "/home/monijesu/ros2_ws/build/turtlesim/ament_cpplint/cpplint.txt" "--command" "/opt/ros/rolling/bin/ament_cpplint" "--xunit-file" "/home/monijesu/ros2_ws/build/turtlesim/test_results/turtlesim/cpplint.xunit.xml"</Value>
				</NamedMeasurement>
				<NamedMeasurement type="text/string" name="Environment">
					<Value>#CTEST_RESOURCE_GROUP_COUNT=</Value>
				</NamedMeasurement>
				<Measurement>
					<Value>-- run_test.py: invoking following command in '/home/monijesu/ros2_ws/src/ros_tutorials/turtlesim':
 - /opt/ros/rolling/bin/ament_cpplint --xunit-file /home/monijesu/ros2_ws/build/turtlesim/test_results/turtlesim/cpplint.xunit.xml
Using '--root=..' argument

Done processing /home/monijesu/ros2_ws/src/ros_tutorials/turtlesim/tutorials/draw_square.cpp

Done processing /home/monijesu/ros2_ws/src/ros_tutorials/turtlesim/tutorials/mimic.cpp

Done processing /home/monijesu/ros2_ws/src/ros_tutorials/turtlesim/tutorials/teleop_turtle_key.cpp

Using '--root=/home/monijesu/ros2_ws/src/ros_tutorials/turtlesim/include' argument

Done processing /home/monijesu/ros2_ws/src/ros_tutorials/turtlesim/include/turtlesim/qos.hpp

Done processing /home/monijesu/ros2_ws/src/ros_tutorials/turtlesim/include/turtlesim/turtle.hpp

Done processing /home/monijesu/ros2_ws/src/ros_tutorials/turtlesim/include/turtlesim/turtle_frame.hpp

Using '--root=/home/monijesu/ros2_ws/src/ros_tutorials/turtlesim/src' argument

Done processing /home/monijesu/ros2_ws/src/ros_tutorials/turtlesim/src/turtle.cpp

Done processing /home/monijesu/ros2_ws/src/ros_tutorials/turtlesim/src/turtle_frame.cpp

Done processing /home/monijesu/ros2_ws/src/ros_tutorials/turtlesim/src/turtlesim.cpp

No problems found
-- run_test.py: return code 0
-- run_test.py: verify result file '/home/monijesu/ros2_ws/build/turtlesim/test_results/turtlesim/cpplint.xunit.xml'
</Value>
				</Measurement>
			</Results>
			<Labels>
				<Label>cpplint</Label>
				<Label>linter</Label>
			</Labels>
		</Test>
		<Test Status="passed">
			<Name>flake8</Name>
			<Path>.</Path>
			<FullName>./flake8</FullName>
			<FullCommandLine>/usr/bin/python3 "-u" "/opt/ros/rolling/share/ament_cmake_test/cmake/run_test.py" "/home/monijesu/ros2_ws/build/turtlesim/test_results/turtlesim/flake8.xunit.xml" "--package-name" "turtlesim" "--output-file" "/home/monijesu/ros2_ws/build/turtlesim/ament_flake8/flake8.txt" "--command" "/opt/ros/rolling/bin/ament_flake8" "--xunit-file" "/home/monijesu/ros2_ws/build/turtlesim/test_results/turtlesim/flake8.xunit.xml"</FullCommandLine>
			<Results>
				<NamedMeasurement type="numeric/double" name="Execution Time">
					<Value>0.338356</Value>
				</NamedMeasurement>
				<NamedMeasurement type="numeric/double" name="Processors">
					<Value>1</Value>
				</NamedMeasurement>
				<NamedMeasurement type="text/string" name="Completion Status">
					<Value>Completed</Value>
				</NamedMeasurement>
				<NamedMeasurement type="text/string" name="Command Line">
					<Value>/usr/bin/python3 "-u" "/opt/ros/rolling/share/ament_cmake_test/cmake/run_test.py" "/home/monijesu/ros2_ws/build/turtlesim/test_results/turtlesim/flake8.xunit.xml" "--package-name" "turtlesim" "--output-file" "/home/monijesu/ros2_ws/build/turtlesim/ament_flake8/flake8.txt" "--command" "/opt/ros/rolling/bin/ament_flake8" "--xunit-file" "/home/monijesu/ros2_ws/build/turtlesim/test_results/turtlesim/flake8.xunit.xml"</Value>
				</NamedMeasurement>
				<NamedMeasurement type="text/string" name="Environment">
					<Value>#CTEST_RESOURCE_GROUP_COUNT=</Value>
				</NamedMeasurement>
				<Measurement>
					<Value>-- run_test.py: invoking following command in '/home/monijesu/ros2_ws/src/ros_tutorials/turtlesim':
 - /opt/ros/rolling/bin/ament_flake8 --xunit-file /home/monijesu/ros2_ws/build/turtlesim/test_results/turtlesim/flake8.xunit.xml

2 files checked
No problems found

Checked files:

* ./launch/multisim.launch.py
* ./src/turtlesim/__init__.py
-- run_test.py: return code 0
-- run_test.py: verify result file '/home/monijesu/ros2_ws/build/turtlesim/test_results/turtlesim/flake8.xunit.xml'
</Value>
				</Measurement>
			</Results>
			<Labels>
				<Label>flake8</Label>
				<Label>linter</Label>
			</Labels>
		</Test>
		<Test Status="passed">
			<Name>lint_cmake</Name>
			<Path>.</Path>
			<FullName>./lint_cmake</FullName>
			<FullCommandLine>/usr/bin/python3 "-u" "/opt/ros/rolling/share/ament_cmake_test/cmake/run_test.py" "/home/monijesu/ros2_ws/build/turtlesim/test_results/turtlesim/lint_cmake.xunit.xml" "--package-name" "turtlesim" "--output-file" "/home/monijesu/ros2_ws/build/turtlesim/ament_lint_cmake/lint_cmake.txt" "--command" "/opt/ros/rolling/bin/ament_lint_cmake" "--xunit-file" "/home/monijesu/ros2_ws/build/turtlesim/test_results/turtlesim/lint_cmake.xunit.xml"</FullCommandLine>
			<Results>
				<NamedMeasurement type="numeric/double" name="Execution Time">
					<Value>0.172483</Value>
				</NamedMeasurement>
				<NamedMeasurement type="numeric/double" name="Processors">
					<Value>1</Value>
				</NamedMeasurement>
				<NamedMeasurement type="text/string" name="Completion Status">
					<Value>Completed</Value>
				</NamedMeasurement>
				<NamedMeasurement type="text/string" name="Command Line">
					<Value>/usr/bin/python3 "-u" "/opt/ros/rolling/share/ament_cmake_test/cmake/run_test.py" "/home/monijesu/ros2_ws/build/turtlesim/test_results/turtlesim/lint_cmake.xunit.xml" "--package-name" "turtlesim" "--output-file" "/home/monijesu/ros2_ws/build/turtlesim/ament_lint_cmake/lint_cmake.txt" "--command" "/opt/ros/rolling/bin/ament_lint_cmake" "--xunit-file" "/home/monijesu/ros2_ws/build/turtlesim/test_results/turtlesim/lint_cmake.xunit.xml"</Value>
				</NamedMeasurement>
				<NamedMeasurement type="text/string" name="Environment">
					<Value>#CTEST_RESOURCE_GROUP_COUNT=</Value>
				</NamedMeasurement>
				<Measurement>
					<Value>-- run_test.py: invoking following command in '/home/monijesu/ros2_ws/src/ros_tutorials/turtlesim':
 - /opt/ros/rolling/bin/ament_lint_cmake --xunit-file /home/monijesu/ros2_ws/build/turtlesim/test_results/turtlesim/lint_cmake.xunit.xml

No problems found
-- run_test.py: return code 0
-- run_test.py: verify result file '/home/monijesu/ros2_ws/build/turtlesim/test_results/turtlesim/lint_cmake.xunit.xml'
</Value>
				</Measurement>
			</Results>
			<Labels>
				<Label>lint_cmake</Label>
				<Label>linter</Label>
			</Labels>
		</Test>
		<Test Status="passed">
			<Name>pep257</Name>
			<Path>.</Path>
			<FullName>./pep257</FullName>
			<FullCommandLine>/usr/bin/python3 "-u" "/opt/ros/rolling/share/ament_cmake_test/cmake/run_test.py" "/home/monijesu/ros2_ws/build/turtlesim/test_results/turtlesim/pep257.xunit.xml" "--package-name" "turtlesim" "--output-file" "/home/monijesu/ros2_ws/build/turtlesim/ament_pep257/pep257.txt" "--command" "/opt/ros/rolling/bin/ament_pep257" "--xunit-file" "/home/monijesu/ros2_ws/build/turtlesim/test_results/turtlesim/pep257.xunit.xml"</FullCommandLine>
			<Results>
				<NamedMeasurement type="numeric/double" name="Execution Time">
					<Value>0.246242</Value>
				</NamedMeasurement>
				<NamedMeasurement type="numeric/double" name="Processors">
					<Value>1</Value>
				</NamedMeasurement>
				<NamedMeasurement type="text/string" name="Completion Status">
					<Value>Completed</Value>
				</NamedMeasurement>
				<NamedMeasurement type="text/string" name="Command Line">
					<Value>/usr/bin/python3 "-u" "/opt/ros/rolling/share/ament_cmake_test/cmake/run_test.py" "/home/monijesu/ros2_ws/build/turtlesim/test_results/turtlesim/pep257.xunit.xml" "--package-name" "turtlesim" "--output-file" "/home/monijesu/ros2_ws/build/turtlesim/ament_pep257/pep257.txt" "--command" "/opt/ros/rolling/bin/ament_pep257" "--xunit-file" "/home/monijesu/ros2_ws/build/turtlesim/test_results/turtlesim/pep257.xunit.xml"</Value>
				</NamedMeasurement>
				<NamedMeasurement type="text/string" name="Environment">
					<Value>#CTEST_RESOURCE_GROUP_COUNT=</Value>
				</NamedMeasurement>
				<Measurement>
					<Value>-- run_test.py: invoking following command in '/home/monijesu/ros2_ws/src/ros_tutorials/turtlesim':
 - /opt/ros/rolling/bin/ament_pep257 --xunit-file /home/monijesu/ros2_ws/build/turtlesim/test_results/turtlesim/pep257.xunit.xml
checking ./launch/multisim.launch.py
checking ./src/turtlesim/__init__.py
No problems found
-- run_test.py: return code 0
-- run_test.py: verify result file '/home/monijesu/ros2_ws/build/turtlesim/test_results/turtlesim/pep257.xunit.xml'
</Value>
				</Measurement>
			</Results>
			<Labels>
				<Label>linter</Label>
				<Label>pep257</Label>
			</Labels>
		</Test>
		<Test Status="passed">
			<Name>uncrustify</Name>
			<Path>.</Path>
			<FullName>./uncrustify</FullName>
			<FullCommandLine>/usr/bin/python3 "-u" "/opt/ros/rolling/share/ament_cmake_test/cmake/run_test.py" "/home/monijesu/ros2_ws/build/turtlesim/test_results/turtlesim/uncrustify.xunit.xml" "--package-name" "turtlesim" "--output-file" "/home/monijesu/ros2_ws/build/turtlesim/ament_uncrustify/uncrustify.txt" "--command" "/opt/ros/rolling/bin/ament_uncrustify" "--xunit-file" "/home/monijesu/ros2_ws/build/turtlesim/test_results/turtlesim/uncrustify.xunit.xml"</FullCommandLine>
			<Results>
				<NamedMeasurement type="numeric/double" name="Execution Time">
					<Value>0.280131</Value>
				</NamedMeasurement>
				<NamedMeasurement type="numeric/double" name="Processors">
					<Value>1</Value>
				</NamedMeasurement>
				<NamedMeasurement type="text/string" name="Completion Status">
					<Value>Completed</Value>
				</NamedMeasurement>
				<NamedMeasurement type="text/string" name="Command Line">
					<Value>/usr/bin/python3 "-u" "/opt/ros/rolling/share/ament_cmake_test/cmake/run_test.py" "/home/monijesu/ros2_ws/build/turtlesim/test_results/turtlesim/uncrustify.xunit.xml" "--package-name" "turtlesim" "--output-file" "/home/monijesu/ros2_ws/build/turtlesim/ament_uncrustify/uncrustify.txt" "--command" "/opt/ros/rolling/bin/ament_uncrustify" "--xunit-file" "/home/monijesu/ros2_ws/build/turtlesim/test_results/turtlesim/uncrustify.xunit.xml"</Value>
				</NamedMeasurement>
				<NamedMeasurement type="text/string" name="Environment">
					<Value>#CTEST_RESOURCE_GROUP_COUNT=</Value>
				</NamedMeasurement>
				<Measurement>
					<Value>-- run_test.py: invoking following command in '/home/monijesu/ros2_ws/src/ros_tutorials/turtlesim':
 - /opt/ros/rolling/bin/ament_uncrustify --xunit-file /home/monijesu/ros2_ws/build/turtlesim/test_results/turtlesim/uncrustify.xunit.xml
No code style divergence in file 'include/turtlesim/qos.hpp'

No code style divergence in file 'include/turtlesim/turtle.hpp'

No code style divergence in file 'include/turtlesim/turtle_frame.hpp'

No code style divergence in file 'src/turtle.cpp'

No code style divergence in file 'src/turtle_frame.cpp'

No code style divergence in file 'src/turtlesim.cpp'

No code style divergence in file 'tutorials/draw_square.cpp'

No code style divergence in file 'tutorials/mimic.cpp'

No code style divergence in file 'tutorials/teleop_turtle_key.cpp'

No problems found
-- run_test.py: return code 0
-- run_test.py: verify result file '/home/monijesu/ros2_ws/build/turtlesim/test_results/turtlesim/uncrustify.xunit.xml'
</Value>
				</Measurement>
			</Results>
			<Labels>
				<Label>linter</Label>
				<Label>uncrustify</Label>
			</Labels>
		</Test>
		<Test Status="passed">
			<Name>xmllint</Name>
			<Path>.</Path>
			<FullName>./xmllint</FullName>
			<FullCommandLine>/usr/bin/python3 "-u" "/opt/ros/rolling/share/ament_cmake_test/cmake/run_test.py" "/home/monijesu/ros2_ws/build/turtlesim/test_results/turtlesim/xmllint.xunit.xml" "--package-name" "turtlesim" "--output-file" "/home/monijesu/ros2_ws/build/turtlesim/ament_xmllint/xmllint.txt" "--command" "/opt/ros/rolling/bin/ament_xmllint" "--xunit-file" "/home/monijesu/ros2_ws/build/turtlesim/test_results/turtlesim/xmllint.xunit.xml"</FullCommandLine>
			<Results>
				<NamedMeasurement type="numeric/double" name="Execution Time">
					<Value>0.657025</Value>
				</NamedMeasurement>
				<NamedMeasurement type="numeric/double" name="Processors">
					<Value>1</Value>
				</NamedMeasurement>
				<NamedMeasurement type="text/string" name="Completion Status">
					<Value>Completed</Value>
				</NamedMeasurement>
				<NamedMeasurement type="text/string" name="Command Line">
					<Value>/usr/bin/python3 "-u" "/opt/ros/rolling/share/ament_cmake_test/cmake/run_test.py" "/home/monijesu/ros2_ws/build/turtlesim/test_results/turtlesim/xmllint.xunit.xml" "--package-name" "turtlesim" "--output-file" "/home/monijesu/ros2_ws/build/turtlesim/ament_xmllint/xmllint.txt" "--command" "/opt/ros/rolling/bin/ament_xmllint" "--xunit-file" "/home/monijesu/ros2_ws/build/turtlesim/test_results/turtlesim/xmllint.xunit.xml"</Value>
				</NamedMeasurement>
				<NamedMeasurement type="text/string" name="Environment">
					<Value>#CTEST_RESOURCE_GROUP_COUNT=</Value>
				</NamedMeasurement>
				<Measurement>
					<Value>-- run_test.py: invoking following command in '/home/monijesu/ros2_ws/src/ros_tutorials/turtlesim':
 - /opt/ros/rolling/bin/ament_xmllint --xunit-file /home/monijesu/ros2_ws/build/turtlesim/test_results/turtlesim/xmllint.xunit.xml
File 'package.xml' is valid

No problems found
-- run_test.py: return code 0
-- run_test.py: verify result file '/home/monijesu/ros2_ws/build/turtlesim/test_results/turtlesim/xmllint.xunit.xml'
</Value>
				</Measurement>
			</Results>
			<Labels>
				<Label>linter</Label>
				<Label>xmllint</Label>
			</Labels>
		</Test>
		<EndDateTime>Oct 17 10:18 MSK</EndDateTime>
		<EndTestTime>1729149517</EndTestTime>
		<ElapsedMinutes>0</ElapsedMinutes>
	</Testing>
</Site>
