Start testing: Oct 17 10:18 MSK
----------------------------------------------------------
1/8 Testing: copyright
1/8 Test: copyright
Command: "/usr/bin/python3" "-u" "/opt/ros/rolling/share/ament_cmake_test/cmake/run_test.py" "/home/monijesu/ros2_ws/build/turtlesim/test_results/turtlesim/copyright.xunit.xml" "--package-name" "turtlesim" "--output-file" "/home/monijesu/ros2_ws/build/turtlesim/ament_copyright/copyright.txt" "--command" "/opt/ros/rolling/bin/ament_copyright" "--xunit-file" "/home/monijesu/ros2_ws/build/turtlesim/test_results/turtlesim/copyright.xunit.xml"
Directory: /home/monijesu/ros2_ws/src/ros_tutorials/turtlesim
"copyright" start time: Oct 17 10:18 MSK
Output:
----------------------------------------------------------
-- run_test.py: invoking following command in '/home/monijesu/ros2_ws/src/ros_tutorials/turtlesim':
 - /opt/ros/rolling/bin/ament_copyright --xunit-file /home/monijesu/ros2_ws/build/turtlesim/test_results/turtlesim/copyright.xunit.xml
No problems found, checked 11 files
-- run_test.py: return code 0
-- run_test.py: verify result file '/home/monijesu/ros2_ws/build/turtlesim/test_results/turtlesim/copyright.xunit.xml'
<end of output>
Test time =   0.59 sec
----------------------------------------------------------
Test Passed.
"copyright" end time: Oct 17 10:18 MSK
"copyright" time elapsed: 00:00:00
----------------------------------------------------------

2/8 Testing: cppcheck
2/8 Test: cppcheck
Command: "/usr/bin/python3" "-u" "/opt/ros/rolling/share/ament_cmake_test/cmake/run_test.py" "/home/monijesu/ros2_ws/build/turtlesim/test_results/turtlesim/cppcheck.xunit.xml" "--package-name" "turtlesim" "--output-file" "/home/monijesu/ros2_ws/build/turtlesim/ament_cppcheck/cppcheck.txt" "--command" "/opt/ros/rolling/bin/ament_cppcheck" "--xunit-file" "/home/monijesu/ros2_ws/build/turtlesim/test_results/turtlesim/cppcheck.xunit.xml" "--include_dirs" "/home/monijesu/ros2_ws/src/ros_tutorials/turtlesim/include"
Directory: /home/monijesu/ros2_ws/src/ros_tutorials/turtlesim
"cppcheck" start time: Oct 17 10:18 MSK
Output:
----------------------------------------------------------
-- run_test.py: invoking following command in '/home/monijesu/ros2_ws/src/ros_tutorials/turtlesim':
 - /opt/ros/rolling/bin/ament_cppcheck --xunit-file /home/monijesu/ros2_ws/build/turtlesim/test_results/turtlesim/cppcheck.xunit.xml --include_dirs /home/monijesu/ros2_ws/src/ros_tutorials/turtlesim/include
cppcheck 2.13.0 has known performance issues and therefore will not be used, set the AMENT_CPPCHECK_ALLOW_SLOW_VERSIONS environment variable to override this.
-- run_test.py: return code 0
-- run_test.py: verify result file '/home/monijesu/ros2_ws/build/turtlesim/test_results/turtlesim/cppcheck.xunit.xml'
<end of output>
Test time =   0.18 sec
----------------------------------------------------------
Test Passed.
"cppcheck" end time: Oct 17 10:18 MSK
"cppcheck" time elapsed: 00:00:00
----------------------------------------------------------

3/8 Testing: cpplint
3/8 Test: cpplint
Command: "/usr/bin/python3" "-u" "/opt/ros/rolling/share/ament_cmake_test/cmake/run_test.py" "/home/monijesu/ros2_ws/build/turtlesim/test_results/turtlesim/cpplint.xunit.xml" "--package-name" "turtlesim" "--output-file" "/home/monijesu/ros2_ws/build/turtlesim/ament_cpplint/cpplint.txt" "--command" "/opt/ros/rolling/bin/ament_cpplint" "--xunit-file" "/home/monijesu/ros2_ws/build/turtlesim/test_results/turtlesim/cpplint.xunit.xml"
Directory: /home/monijesu/ros2_ws/src/ros_tutorials/turtlesim
"cpplint" start time: Oct 17 10:18 MSK
Output:
----------------------------------------------------------
-- run_test.py: invoking following command in '/home/monijesu/ros2_ws/src/ros_tutorials/turtlesim':
 - /opt/ros/rolling/bin/ament_cpplint --xunit-file /home/monijesu/ros2_ws/build/turtlesim/test_results/turtlesim/cpplint.xunit.xml
Using '--root=..' argument

Done processing /home/monijesu/ros2_ws/src/ros_tutorials/turtlesim/tutorials/draw_square.cpp

Done processing /home/monijesu/ros2_ws/src/ros_tutorials/turtlesim/tutorials/mimic.cpp

Done processing /home/monijesu/ros2_ws/src/ros_tutorials/turtlesim/tutorials/teleop_turtle_key.cpp

Using '--root=/home/monijesu/ros2_ws/src/ros_tutorials/turtlesim/include' argument

Done processing /home/monijesu/ros2_ws/src/ros_tutorials/turtlesim/include/turtlesim/qos.hpp

Done processing /home/monijesu/ros2_ws/src/ros_tutorials/turtlesim/include/turtlesim/turtle.hpp

Done processing /home/monijesu/ros2_ws/src/ros_tutorials/turtlesim/include/turtlesim/turtle_frame.hpp

Using '--root=/home/monijesu/ros2_ws/src/ros_tutorials/turtlesim/src' argument

Done processing /home/monijesu/ros2_ws/src/ros_tutorials/turtlesim/src/turtle.cpp

Done processing /home/monijesu/ros2_ws/src/ros_tutorials/turtlesim/src/turtle_frame.cpp

Done processing /home/monijesu/ros2_ws/src/ros_tutorials/turtlesim/src/turtlesim.cpp

No problems found
-- run_test.py: return code 0
-- run_test.py: verify result file '/home/monijesu/ros2_ws/build/turtlesim/test_results/turtlesim/cpplint.xunit.xml'
<end of output>
Test time =   0.42 sec
----------------------------------------------------------
Test Passed.
"cpplint" end time: Oct 17 10:18 MSK
"cpplint" time elapsed: 00:00:00
----------------------------------------------------------

4/8 Testing: flake8
4/8 Test: flake8
Command: "/usr/bin/python3" "-u" "/opt/ros/rolling/share/ament_cmake_test/cmake/run_test.py" "/home/monijesu/ros2_ws/build/turtlesim/test_results/turtlesim/flake8.xunit.xml" "--package-name" "turtlesim" "--output-file" "/home/monijesu/ros2_ws/build/turtlesim/ament_flake8/flake8.txt" "--command" "/opt/ros/rolling/bin/ament_flake8" "--xunit-file" "/home/monijesu/ros2_ws/build/turtlesim/test_results/turtlesim/flake8.xunit.xml"
Directory: /home/monijesu/ros2_ws/src/ros_tutorials/turtlesim
"flake8" start time: Oct 17 10:18 MSK
Output:
----------------------------------------------------------
-- run_test.py: invoking following command in '/home/monijesu/ros2_ws/src/ros_tutorials/turtlesim':
 - /opt/ros/rolling/bin/ament_flake8 --xunit-file /home/monijesu/ros2_ws/build/turtlesim/test_results/turtlesim/flake8.xunit.xml

2 files checked
No problems found

Checked files:

* ./launch/multisim.launch.py
* ./src/turtlesim/__init__.py
-- run_test.py: return code 0
-- run_test.py: verify result file '/home/monijesu/ros2_ws/build/turtlesim/test_results/turtlesim/flake8.xunit.xml'
<end of output>
Test time =   0.34 sec
----------------------------------------------------------
Test Passed.
"flake8" end time: Oct 17 10:18 MSK
"flake8" time elapsed: 00:00:00
----------------------------------------------------------

5/8 Testing: lint_cmake
5/8 Test: lint_cmake
Command: "/usr/bin/python3" "-u" "/opt/ros/rolling/share/ament_cmake_test/cmake/run_test.py" "/home/monijesu/ros2_ws/build/turtlesim/test_results/turtlesim/lint_cmake.xunit.xml" "--package-name" "turtlesim" "--output-file" "/home/monijesu/ros2_ws/build/turtlesim/ament_lint_cmake/lint_cmake.txt" "--command" "/opt/ros/rolling/bin/ament_lint_cmake" "--xunit-file" "/home/monijesu/ros2_ws/build/turtlesim/test_results/turtlesim/lint_cmake.xunit.xml"
Directory: /home/monijesu/ros2_ws/src/ros_tutorials/turtlesim
"lint_cmake" start time: Oct 17 10:18 MSK
Output:
----------------------------------------------------------
-- run_test.py: invoking following command in '/home/monijesu/ros2_ws/src/ros_tutorials/turtlesim':
 - /opt/ros/rolling/bin/ament_lint_cmake --xunit-file /home/monijesu/ros2_ws/build/turtlesim/test_results/turtlesim/lint_cmake.xunit.xml

No problems found
-- run_test.py: return code 0
-- run_test.py: verify result file '/home/monijesu/ros2_ws/build/turtlesim/test_results/turtlesim/lint_cmake.xunit.xml'
<end of output>
Test time =   0.17 sec
----------------------------------------------------------
Test Passed.
"lint_cmake" end time: Oct 17 10:18 MSK
"lint_cmake" time elapsed: 00:00:00
----------------------------------------------------------

6/8 Testing: pep257
6/8 Test: pep257
Command: "/usr/bin/python3" "-u" "/opt/ros/rolling/share/ament_cmake_test/cmake/run_test.py" "/home/monijesu/ros2_ws/build/turtlesim/test_results/turtlesim/pep257.xunit.xml" "--package-name" "turtlesim" "--output-file" "/home/monijesu/ros2_ws/build/turtlesim/ament_pep257/pep257.txt" "--command" "/opt/ros/rolling/bin/ament_pep257" "--xunit-file" "/home/monijesu/ros2_ws/build/turtlesim/test_results/turtlesim/pep257.xunit.xml"
Directory: /home/monijesu/ros2_ws/src/ros_tutorials/turtlesim
"pep257" start time: Oct 17 10:18 MSK
Output:
----------------------------------------------------------
-- run_test.py: invoking following command in '/home/monijesu/ros2_ws/src/ros_tutorials/turtlesim':
 - /opt/ros/rolling/bin/ament_pep257 --xunit-file /home/monijesu/ros2_ws/build/turtlesim/test_results/turtlesim/pep257.xunit.xml
checking ./launch/multisim.launch.py
checking ./src/turtlesim/__init__.py
No problems found
-- run_test.py: return code 0
-- run_test.py: verify result file '/home/monijesu/ros2_ws/build/turtlesim/test_results/turtlesim/pep257.xunit.xml'
<end of output>
Test time =   0.25 sec
----------------------------------------------------------
Test Passed.
"pep257" end time: Oct 17 10:18 MSK
"pep257" time elapsed: 00:00:00
----------------------------------------------------------

7/8 Testing: uncrustify
7/8 Test: uncrustify
Command: "/usr/bin/python3" "-u" "/opt/ros/rolling/share/ament_cmake_test/cmake/run_test.py" "/home/monijesu/ros2_ws/build/turtlesim/test_results/turtlesim/uncrustify.xunit.xml" "--package-name" "turtlesim" "--output-file" "/home/monijesu/ros2_ws/build/turtlesim/ament_uncrustify/uncrustify.txt" "--command" "/opt/ros/rolling/bin/ament_uncrustify" "--xunit-file" "/home/monijesu/ros2_ws/build/turtlesim/test_results/turtlesim/uncrustify.xunit.xml"
Directory: /home/monijesu/ros2_ws/src/ros_tutorials/turtlesim
"uncrustify" start time: Oct 17 10:18 MSK
Output:
----------------------------------------------------------
-- run_test.py: invoking following command in '/home/monijesu/ros2_ws/src/ros_tutorials/turtlesim':
 - /opt/ros/rolling/bin/ament_uncrustify --xunit-file /home/monijesu/ros2_ws/build/turtlesim/test_results/turtlesim/uncrustify.xunit.xml
No code style divergence in file 'include/turtlesim/qos.hpp'

No code style divergence in file 'include/turtlesim/turtle.hpp'

No code style divergence in file 'include/turtlesim/turtle_frame.hpp'

No code style divergence in file 'src/turtle.cpp'

No code style divergence in file 'src/turtle_frame.cpp'

No code style divergence in file 'src/turtlesim.cpp'

No code style divergence in file 'tutorials/draw_square.cpp'

No code style divergence in file 'tutorials/mimic.cpp'

No code style divergence in file 'tutorials/teleop_turtle_key.cpp'

No problems found
-- run_test.py: return code 0
-- run_test.py: verify result file '/home/monijesu/ros2_ws/build/turtlesim/test_results/turtlesim/uncrustify.xunit.xml'
<end of output>
Test time =   0.28 sec
----------------------------------------------------------
Test Passed.
"uncrustify" end time: Oct 17 10:18 MSK
"uncrustify" time elapsed: 00:00:00
----------------------------------------------------------

8/8 Testing: xmllint
8/8 Test: xmllint
Command: "/usr/bin/python3" "-u" "/opt/ros/rolling/share/ament_cmake_test/cmake/run_test.py" "/home/monijesu/ros2_ws/build/turtlesim/test_results/turtlesim/xmllint.xunit.xml" "--package-name" "turtlesim" "--output-file" "/home/monijesu/ros2_ws/build/turtlesim/ament_xmllint/xmllint.txt" "--command" "/opt/ros/rolling/bin/ament_xmllint" "--xunit-file" "/home/monijesu/ros2_ws/build/turtlesim/test_results/turtlesim/xmllint.xunit.xml"
Directory: /home/monijesu/ros2_ws/src/ros_tutorials/turtlesim
"xmllint" start time: Oct 17 10:18 MSK
Output:
----------------------------------------------------------
-- run_test.py: invoking following command in '/home/monijesu/ros2_ws/src/ros_tutorials/turtlesim':
 - /opt/ros/rolling/bin/ament_xmllint --xunit-file /home/monijesu/ros2_ws/build/turtlesim/test_results/turtlesim/xmllint.xunit.xml
File 'package.xml' is valid

No problems found
-- run_test.py: return code 0
-- run_test.py: verify result file '/home/monijesu/ros2_ws/build/turtlesim/test_results/turtlesim/xmllint.xunit.xml'
<end of output>
Test time =   0.66 sec
----------------------------------------------------------
Test Passed.
"xmllint" end time: Oct 17 10:18 MSK
"xmllint" time elapsed: 00:00:00
----------------------------------------------------------

End testing: Oct 17 10:18 MSK

copyright =   0.59 sec*proc

cppcheck =   0.18 sec*proc

cpplint =   0.42 sec*proc

flake8 =   0.34 sec*proc

lint_cmake =   0.17 sec*proc

linter =   2.89 sec*proc

pep257 =   0.25 sec*proc

uncrustify =   0.28 sec*proc

xmllint =   0.66 sec*proc

